  Animation.cpp
  Board.cpp
d:\vidudirectx\motcaigido\githutnew\castlenew\demodirectx\gameobject.h(86): warning C4244: '=': conversion from 'int' to 'float', possible loss of data
d:\vidudirectx\motcaigido\githutnew\castlenew\demodirectx\board.cpp(50): warning C4244: 'argument': conversion from 'int' to 'float', possible loss of data
d:\vidudirectx\motcaigido\githutnew\castlenew\demodirectx\board.cpp(59): warning C4244: 'argument': conversion from 'int' to 'float', possible loss of data
d:\vidudirectx\motcaigido\githutnew\castlenew\demodirectx\board.cpp(62): warning C4244: 'argument': conversion from 'int' to 'float', possible loss of data
d:\vidudirectx\motcaigido\githutnew\castlenew\demodirectx\board.cpp(63): warning C4244: 'argument': conversion from 'int' to 'float', possible loss of data
d:\vidudirectx\motcaigido\githutnew\castlenew\demodirectx\board.cpp(64): warning C4244: 'argument': conversion from 'int' to 'float', possible loss of data
d:\vidudirectx\motcaigido\githutnew\castlenew\demodirectx\board.cpp(65): warning C4244: 'argument': conversion from 'int' to 'float', possible loss of data
d:\vidudirectx\motcaigido\githutnew\castlenew\demodirectx\board.cpp(66): warning C4244: 'argument': conversion from 'int' to 'float', possible loss of data
  Candle.cpp
d:\vidudirectx\motcaigido\githutnew\castlenew\demodirectx\gameobject.h(86): warning C4244: '=': conversion from 'int' to 'float', possible loss of data
  Game.cpp
d:\vidudirectx\motcaigido\githutnew\castlenew\demodirectx\gameobject.h(86): warning C4244: '=': conversion from 'int' to 'float', possible loss of data
d:\vidudirectx\motcaigido\githutnew\castlenew\demodirectx\knife.h(7): warning C4005: 'SCREEN_WIDTH': macro redefinition
  d:\vidudirectx\motcaigido\githutnew\castlenew\demodirectx\game.h(6): note: see previous definition of 'SCREEN_WIDTH'
d:\vidudirectx\motcaigido\githutnew\castlenew\demodirectx\game.cpp(302): warning C4305: '=': truncation from '__int64' to 'float'
d:\vidudirectx\motcaigido\githutnew\castlenew\demodirectx\game.cpp(303): warning C4305: '=': truncation from '__int64' to 'float'
d:\vidudirectx\motcaigido\githutnew\castlenew\demodirectx\game.cpp(313): warning C4305: '=': truncation from '__int64' to 'float'
d:\vidudirectx\motcaigido\githutnew\castlenew\demodirectx\game.cpp(314): warning C4305: '=': truncation from '__int64' to 'float'
  GameObject.cpp
d:\vidudirectx\motcaigido\githutnew\castlenew\demodirectx\gameobject.h(86): warning C4244: '=': conversion from 'int' to 'float', possible loss of data
  Gate.cpp
d:\vidudirectx\motcaigido\githutnew\castlenew\demodirectx\gameobject.h(86): warning C4244: '=': conversion from 'int' to 'float', possible loss of data
  Ground.cpp
d:\vidudirectx\motcaigido\githutnew\castlenew\demodirectx\gameobject.h(86): warning C4244: '=': conversion from 'int' to 'float', possible loss of data
  HealthBar.cpp
d:\vidudirectx\motcaigido\githutnew\castlenew\demodirectx\healthbar.cpp(34): warning C4244: 'argument': conversion from 'int' to 'float', possible loss of data
d:\vidudirectx\motcaigido\githutnew\castlenew\demodirectx\healthbar.cpp(43): warning C4244: 'argument': conversion from 'int' to 'float', possible loss of data
d:\vidudirectx\motcaigido\githutnew\castlenew\demodirectx\healthbar.cpp(50): warning C4244: 'argument': conversion from 'int' to 'float', possible loss of data
d:\vidudirectx\motcaigido\githutnew\castlenew\demodirectx\healthbar.cpp(58): warning C4244: 'argument': conversion from 'int' to 'float', possible loss of data
  Hit.cpp
  Items.cpp
d:\vidudirectx\motcaigido\githutnew\castlenew\demodirectx\gameobject.h(86): warning C4244: '=': conversion from 'int' to 'float', possible loss of data
d:\vidudirectx\motcaigido\githutnew\castlenew\demodirectx\items.cpp(52): warning C4018: '<': signed/unsigned mismatch
d:\vidudirectx\motcaigido\githutnew\castlenew\demodirectx\items.cpp(105): warning C4305: '=': truncation from 'double' to 'float'
d:\vidudirectx\motcaigido\githutnew\castlenew\demodirectx\items.cpp(109): warning C4305: '=': truncation from 'double' to 'float'
d:\vidudirectx\motcaigido\githutnew\castlenew\demodirectx\items.cpp(113): warning C4305: '=': truncation from 'double' to 'float'
d:\vidudirectx\motcaigido\githutnew\castlenew\demodirectx\items.cpp(117): warning C4305: '=': truncation from 'double' to 'float'
  Knife.cpp
d:\vidudirectx\motcaigido\githutnew\castlenew\demodirectx\gameobject.h(86): warning C4244: '=': conversion from 'int' to 'float', possible loss of data
  main.cpp
d:\vidudirectx\motcaigido\githutnew\castlenew\demodirectx\gameobject.h(86): warning C4244: '=': conversion from 'int' to 'float', possible loss of data
d:\vidudirectx\motcaigido\githutnew\castlenew\demodirectx\knife.h(7): warning C4005: 'SCREEN_WIDTH': macro redefinition
  d:\vidudirectx\motcaigido\githutnew\castlenew\demodirectx\game.h(6): note: see previous definition of 'SCREEN_WIDTH'
d:\vidudirectx\motcaigido\githutnew\castlenew\demodirectx\main.cpp(34): warning C4067: unexpected tokens following preprocessor directive - expected a newline
d:\vidudirectx\motcaigido\githutnew\castlenew\demodirectx\scenemanager.h(3): warning C4067: unexpected tokens following preprocessor directive - expected a newline
d:\vidudirectx\motcaigido\githutnew\castlenew\demodirectx\main.cpp(42): warning C4005: 'SCREEN_WIDTH': macro redefinition
  d:\vidudirectx\motcaigido\githutnew\castlenew\demodirectx\knife.h(7): note: see previous definition of 'SCREEN_WIDTH'
  Number.cpp
  PlayScence.cpp
d:\vidudirectx\motcaigido\githutnew\castlenew\demodirectx\gameobject.h(86): warning C4244: '=': conversion from 'int' to 'float', possible loss of data
d:\vidudirectx\motcaigido\githutnew\castlenew\demodirectx\knife.h(7): warning C4005: 'SCREEN_WIDTH': macro redefinition
  d:\vidudirectx\motcaigido\githutnew\castlenew\demodirectx\game.h(6): note: see previous definition of 'SCREEN_WIDTH'
d:\vidudirectx\motcaigido\githutnew\castlenew\demodirectx\playscence.cpp(213): warning C4018: '<': signed/unsigned mismatch
d:\vidudirectx\motcaigido\githutnew\castlenew\demodirectx\playscence.cpp(235): warning C4018: '<': signed/unsigned mismatch
d:\vidudirectx\motcaigido\githutnew\castlenew\demodirectx\playscence.cpp(258): warning C4244: 'initializing': conversion from 'double' to 'float', possible loss of data
d:\vidudirectx\motcaigido\githutnew\castlenew\demodirectx\playscence.cpp(259): warning C4244: 'initializing': conversion from 'double' to 'float', possible loss of data
d:\vidudirectx\motcaigido\githutnew\castlenew\demodirectx\playscence.cpp(286): warning C4244: 'initializing': conversion from 'double' to 'int', possible loss of data
d:\vidudirectx\motcaigido\githutnew\castlenew\demodirectx\playscence.cpp(299): warning C4244: 'initializing': conversion from 'double' to 'int', possible loss of data
d:\vidudirectx\motcaigido\githutnew\castlenew\demodirectx\playscence.cpp(468): warning C4018: '<': signed/unsigned mismatch
d:\vidudirectx\motcaigido\githutnew\castlenew\demodirectx\playscence.cpp(498): warning C4018: '<': signed/unsigned mismatch
d:\vidudirectx\motcaigido\githutnew\castlenew\demodirectx\playscence.cpp(502): warning C4018: '<': signed/unsigned mismatch
d:\vidudirectx\motcaigido\githutnew\castlenew\demodirectx\playscence.cpp(576): warning C4244: 'argument': conversion from 'float' to 'int', possible loss of data
d:\vidudirectx\motcaigido\githutnew\castlenew\demodirectx\playscence.cpp(583): warning C4018: '<': signed/unsigned mismatch
d:\vidudirectx\motcaigido\githutnew\castlenew\demodirectx\playscence.cpp(589): warning C4018: '<': signed/unsigned mismatch
d:\vidudirectx\motcaigido\githutnew\castlenew\demodirectx\playscence.cpp(624): warning C4018: '<': signed/unsigned mismatch
d:\vidudirectx\motcaigido\githutnew\castlenew\demodirectx\playscence.cpp(629): warning C4018: '<': signed/unsigned mismatch
  Scence.cpp
  SceneManager.cpp
d:\vidudirectx\motcaigido\githutnew\castlenew\demodirectx\scenemanager.h(3): warning C4067: unexpected tokens following preprocessor directive - expected a newline
d:\vidudirectx\motcaigido\githutnew\castlenew\demodirectx\gameobject.h(86): warning C4244: '=': conversion from 'int' to 'float', possible loss of data
d:\vidudirectx\motcaigido\githutnew\castlenew\demodirectx\knife.h(7): warning C4005: 'SCREEN_WIDTH': macro redefinition
  d:\vidudirectx\motcaigido\githutnew\castlenew\demodirectx\game.h(6): note: see previous definition of 'SCREEN_WIDTH'
  Simon.cpp
d:\vidudirectx\motcaigido\githutnew\castlenew\demodirectx\gameobject.h(86): warning C4244: '=': conversion from 'int' to 'float', possible loss of data
d:\vidudirectx\motcaigido\githutnew\castlenew\demodirectx\simon.cpp(42): warning C4018: '<': signed/unsigned mismatch
  Sprites.cpp
  SubWeapon.cpp
d:\vidudirectx\motcaigido\githutnew\castlenew\demodirectx\gameobject.h(86): warning C4244: '=': conversion from 'int' to 'float', possible loss of data
d:\vidudirectx\motcaigido\githutnew\castlenew\demodirectx\subweapon.cpp(31): warning C4018: '<': signed/unsigned mismatch
d:\vidudirectx\motcaigido\githutnew\castlenew\demodirectx\subweapon.cpp(60): warning C4018: '<': signed/unsigned mismatch
  Textures.cpp
  Generating Code...
  Compiling...
  TileMap.cpp
d:\vidudirectx\motcaigido\githutnew\castlenew\demodirectx\tilemap.cpp(28): warning C4018: '<': signed/unsigned mismatch
d:\vidudirectx\motcaigido\githutnew\castlenew\demodirectx\tilemap.cpp(30): warning C4018: '<': signed/unsigned mismatch
d:\vidudirectx\motcaigido\githutnew\castlenew\demodirectx\tilemap.cpp(81): warning C4018: '<': signed/unsigned mismatch
d:\vidudirectx\motcaigido\githutnew\castlenew\demodirectx\tilemap.cpp(83): warning C4018: '<': signed/unsigned mismatch
d:\vidudirectx\motcaigido\githutnew\castlenew\demodirectx\tilemap.cpp(100): warning C4018: '<': signed/unsigned mismatch
d:\vidudirectx\motcaigido\githutnew\castlenew\demodirectx\tilemap.cpp(102): warning C4018: '<=': signed/unsigned mismatch
d:\vidudirectx\motcaigido\githutnew\castlenew\demodirectx\tilemap.cpp(105): warning C4244: 'initializing': conversion from 'UINT' to 'float', possible loss of data
  Utils.cpp
  Whip.cpp
d:\vidudirectx\motcaigido\githutnew\castlenew\demodirectx\gameobject.h(86): warning C4244: '=': conversion from 'int' to 'float', possible loss of data
d:\vidudirectx\motcaigido\githutnew\castlenew\demodirectx\whip.cpp(42): warning C4018: '<': signed/unsigned mismatch
  Generating Code...
  DemoDirectX.vcxproj -> D:\vidudirectx\motcaigido\GITHUTNEW\CASTLENEW\Debug\DemoDirectX.exe
